<?xml version="1.0" encoding="UTF-8"?>
<testng-results skipped="0" failed="0" ignored="1" total="2" passed="1">
  <reporter-output>
  </reporter-output>
  <suite name="Suite" duration-ms="6108" started-at="2020-02-29T08:26:59Z" finished-at="2020-02-29T08:27:05Z">
    <groups>
      <group name="Smoke">
        <method signature="DemoGroups.Login(java.lang.String)[pri:0, instance:TestNGDemo.DemoGroups@3bd550]" name="Login" class="TestNGDemo.DemoGroups"/>
      </group> <!-- Smoke -->
    </groups>
    <test name="Test" duration-ms="6108" started-at="2020-02-29T08:26:59Z" finished-at="2020-02-29T08:27:05Z">
      <class name="TestNGDemo.DemoGroups">
        <test-method status="PASS" signature="Launch()[pri:0, instance:TestNGDemo.DemoGroups@3bd550]" name="Launch" is-config="true" duration-ms="40162" started-at="2020-02-29T08:26:19Z" finished-at="2020-02-29T08:26:59Z">
          <reporter-output>
          </reporter-output>
        </test-method> <!-- Launch -->
        <test-method status="PASS" signature="Login(java.lang.String)[pri:0, instance:TestNGDemo.DemoGroups@3bd550]" name="Login" duration-ms="5968" started-at="2020-02-29T08:26:59Z" finished-at="2020-02-29T08:27:05Z">
          <params>
            <param index="0">
              <value>
                <![CDATA[chrome]]>
              </value>
            </param>
          </params>
          <reporter-output>
          </reporter-output>
        </test-method> <!-- Login -->
      </class> <!-- TestNGDemo.DemoGroups -->
    </test> <!-- Test -->
  </suite> <!-- Suite -->
</testng-results>
