<?xml version="1.0" encoding="UTF-8"?>
<!-- Generated by org.testng.reporters.JUnitXMLReporter -->
<testsuite hostname="Sampada-PC" ignored="0" name="Default test" tests="3" failures="0" timestamp="17 Feb 2020 09:43:11 GMT" time="0.158" errors="0">
  <testcase name="CheckLoginDemo" time="0.037" classname="TestNg.DataProviderDemo"/>
  <testcase name="CheckLoginDemo" time="0.005" classname="TestNg.DataProviderDemo"/>
  <testcase name="CheckLoginDemo" time="0.004" classname="TestNg.DataProviderDemo"/>
</testsuite> <!-- Default test -->
