<?xml version="1.0" encoding="UTF-8"?>
<!-- Generated by org.testng.reporters.JUnitXMLReporter -->
<testsuite hostname="Sampada-PC" ignored="0" name="Test" tests="3" failures="1" timestamp="29 Feb 2020 10:22:47 GMT" time="320.214" errors="0">
  <testcase name="Check" time="0.035" classname="com.OrangeLive.TestCases.LoginTest"/>
  <testcase name="CheckLogin" time="18.542" classname="com.OrangeLive.TestCases.LoginTest"/>
  <testcase name="CheckForget" time="301.466" classname="com.OrangeLive.TestCases.LoginTest">
    <failure type="org.openqa.selenium.NoSuchElementException" message="Cannot locate an element using link text=Forgot your password?
For documentation on this error, please visit: https://www.seleniumhq.org/exceptions/no_such_element.html
Build info: version: &amp;apos;3.141.59&amp;apos;, revision: &amp;apos;e82be7d358&amp;apos;, time: &amp;apos;2018-11-14T08:17:03&amp;apos;
System info: host: &amp;apos;SAMPADA-PC&amp;apos;, ip: &amp;apos;172.16.10.48&amp;apos;, os.name: &amp;apos;Windows 7&amp;apos;, os.arch: &amp;apos;x86&amp;apos;, os.version: &amp;apos;6.1&amp;apos;, java.version: &amp;apos;1.8.0_92&amp;apos;
Driver info: driver.version: RemoteWebDriver">
      <![CDATA[org.openqa.selenium.NoSuchElementException: Cannot locate an element using link text=Forgot your password?
For documentation on this error, please visit: https://www.seleniumhq.org/exceptions/no_such_element.html
Build info: version: '3.141.59', revision: 'e82be7d358', time: '2018-11-14T08:17:03'
System info: host: 'SAMPADA-PC', ip: '172.16.10.48', os.name: 'Windows 7', os.arch: 'x86', os.version: '6.1', java.version: '1.8.0_92'
Driver info: driver.version: RemoteWebDriver
at org.openqa.selenium.remote.RemoteWebDriver.findElement(RemoteWebDriver.java:327)
at org.openqa.selenium.remote.RemoteWebDriver.findElementByLinkText(RemoteWebDriver.java:380)
at org.openqa.selenium.By$ByLinkText.findElement(By.java:220)
at org.openqa.selenium.remote.RemoteWebDriver.findElement(RemoteWebDriver.java:315)
at org.openqa.selenium.support.pagefactory.DefaultElementLocator.findElement(DefaultElementLocator.java:69)
at org.openqa.selenium.support.pagefactory.internal.LocatingElementHandler.invoke(LocatingElementHandler.java:38)
at com.sun.proxy.$Proxy9.click(Unknown Source)
at com.orangehrm.pages.LoginPage.ForgetClick(LoginPage.java:41)
at com.OrangeLive.TestCases.LoginTest.CheckForget(LoginTest.java:40)
... Removed 25 stack frames]]>
    </failure>
  </testcase> <!-- CheckForget -->
</testsuite> <!-- Test -->
