<?xml version="1.0" encoding="UTF-8"?>
<testng-results skipped="0" failed="0" ignored="0" total="2" passed="2">
  <reporter-output>
  </reporter-output>
  <suite name="Suite" duration-ms="14232" started-at="2020-02-26T10:19:13Z" finished-at="2020-02-26T10:19:27Z">
    <groups>
    </groups>
    <test name="Test" duration-ms="14232" started-at="2020-02-26T10:19:13Z" finished-at="2020-02-26T10:19:27Z">
      <class name="orangelive.Logintest">
        <test-method status="PASS" signature="DriverInfo()[pri:0, instance:orangelive.Logintest@1f2a3a5]" name="DriverInfo" is-config="true" duration-ms="45229" started-at="2020-02-26T10:18:28Z" finished-at="2020-02-26T10:19:13Z">
          <reporter-output>
          </reporter-output>
        </test-method> <!-- DriverInfo -->
        <test-method status="PASS" signature="CheckTitle()[pri:0, instance:orangelive.Logintest@1f2a3a5]" name="CheckTitle" duration-ms="64" started-at="2020-02-26T10:19:13Z" finished-at="2020-02-26T10:19:13Z">
          <reporter-output>
          </reporter-output>
        </test-method> <!-- CheckTitle -->
        <test-method status="PASS" signature="Login()[pri:0, instance:orangelive.Logintest@1f2a3a5]" name="Login" duration-ms="14047" started-at="2020-02-26T10:19:13Z" finished-at="2020-02-26T10:19:27Z">
          <reporter-output>
          </reporter-output>
        </test-method> <!-- Login -->
        <test-method status="PASS" signature="Close_Browser()[pri:0, instance:orangelive.Logintest@1f2a3a5]" name="Close_Browser" is-config="true" duration-ms="563" started-at="2020-02-26T10:19:28Z" finished-at="2020-02-26T10:19:28Z">
          <reporter-output>
          </reporter-output>
        </test-method> <!-- Close_Browser -->
      </class> <!-- orangelive.Logintest -->
    </test> <!-- Test -->
  </suite> <!-- Suite -->
</testng-results>
