<?xml version="1.0" encoding="UTF-8"?>
<!-- Generated by org.testng.reporters.JUnitXMLReporter -->
<testsuite hostname="Sampada-PC" ignored="2" name="Test" tests="4" failures="0" timestamp="17 Feb 2020 11:06:38 GMT" time="15.532" errors="0">
  <testcase name="Login" time="11.188" classname="DemoHRM.LoginTest"/>
  <testcase name="CheckTitle" time="0.031" classname="DemoHRM.LoginTest"/>
  <testcase name="checkAdmin" time="2.616" classname="DemoHRM.HomeTest"/>
  <testcase name="JobOpen" time="1.572" classname="DemoHRM.HomeTest"/>
  <testcase name="@AfterSuite Close_Browser" time="0.0" classname="DemoHRM.Driver">
    <ignored/>
  </testcase> <!-- @AfterSuite Close_Browser -->
  <testcase name="@BeforeSuite DriverInfo" time="0.0" classname="DemoHRM.Driver">
    <ignored/>
  </testcase> <!-- @BeforeSuite DriverInfo -->
</testsuite> <!-- Test -->
